<?xml version="1.0" encoding="UTF-8"?>
<!-- Generated by org.testng.reporters.JUnitXMLReporter -->
<testsuite ignored="0" hostname="CHNSHL553462L" failures="5" tests="6" name="Personal loan" time="64.384" errors="0" timestamp="2022-06-15T12:19:09 IST">
  <testcase classname="Bank.testCases.TC_LoginTest_001" name="liginTest" time="8.11"/>
  <testcase classname="Bank.testCases.TC_DDTTest_002" name="loginDDT" time="6.19">
    <failure type="java.lang.AssertionError" message="expected [true] but found [false]">
      <![CDATA[java.lang.AssertionError: expected [true] but found [false]
at Bank.testCases.TC_DDTTest_002.loginDDT(TC_DDTTest_002.java:33)
at java.base/java.util.ArrayList.forEach(ArrayList.java:1511)
... Removed 34 stack frames]]>
    </failure>
  </testcase> <!-- loginDDT -->
  <testcase classname="Bank.testCases.TC_DDTTest_002" name="loginDDT" time="7.137">
    <failure type="java.lang.AssertionError" message="expected [true] but found [false]">
      <![CDATA[java.lang.AssertionError: expected [true] but found [false]
at Bank.testCases.TC_DDTTest_002.loginDDT(TC_DDTTest_002.java:33)
at java.base/java.util.ArrayList.forEach(ArrayList.java:1511)
... Removed 34 stack frames]]>
    </failure>
  </testcase> <!-- loginDDT -->
  <testcase classname="Bank.testCases.TC_DDTTest_002" name="loginDDT" time="6.256">
    <failure type="java.lang.AssertionError" message="expected [true] but found [false]">
      <![CDATA[java.lang.AssertionError: expected [true] but found [false]
at Bank.testCases.TC_DDTTest_002.loginDDT(TC_DDTTest_002.java:33)
at java.base/java.util.ArrayList.forEach(ArrayList.java:1511)
... Removed 34 stack frames]]>
    </failure>
  </testcase> <!-- loginDDT -->
  <testcase classname="Bank.testCases.TC_DDTTest_002" name="loginDDT" time="7.011">
    <failure type="java.lang.AssertionError" message="expected [true] but found [false]">
      <![CDATA[java.lang.AssertionError: expected [true] but found [false]
at Bank.testCases.TC_DDTTest_002.loginDDT(TC_DDTTest_002.java:33)
at java.base/java.util.ArrayList.forEach(ArrayList.java:1511)
... Removed 34 stack frames]]>
    </failure>
  </testcase> <!-- loginDDT -->
  <testcase classname="Bank.testCases.TC_DDTTest_002" name="loginDDT" time="6.637">
    <failure type="java.lang.AssertionError" message="expected [true] but found [false]">
      <![CDATA[java.lang.AssertionError: expected [true] but found [false]
at Bank.testCases.TC_DDTTest_002.loginDDT(TC_DDTTest_002.java:33)
at java.base/java.util.ArrayList.forEach(ArrayList.java:1511)
... Removed 34 stack frames]]>
    </failure>
  </testcase> <!-- loginDDT -->
</testsuite> <!-- Personal loan -->
