<?xml version="1.0" encoding="UTF-8"?>
<testsuite name="TestSuite" time="14.31" tests="6" errors="0" skipped="0" failures="5">
  <properties>
[...]
</properties>
  <testcase name="liginTest" classname="Bank.testCases.TC_LoginTest_001" time="8.117"/>
  <testcase name="loginDDT" classname="Bank.testCases.TC_DDTTest_002" time="6.193">
    <failure message="expected [true] but found [false]" type="java.lang.AssertionError">java.lang.AssertionError: expected [true] but found [false]
	at org.testng.Assert.fail(Assert.java:110)
	at org.testng.Assert.failNotEquals(Assert.java:1413)
	at org.testng.Assert.assertTrue(Assert.java:56)
	at org.testng.Assert.assertTrue(Assert.java:66)
	at Bank.testCases.TC_DDTTest_002.loginDDT(TC_DDTTest_002.java:33)
</failure>
    <system-out><![CDATA[ INFO [main] (TC_DDTTest_002.java:22)- user name provided
 INFO [main] (TC_DDTTest_002.java:24)- password provided
]]></system-out>
    <system-err><![CDATA[Starting ChromeDriver 102.0.5005.61 (0e59bcc00cc4985ce39ad31c150065f159d95ad3-refs/branch-heads/5005@{#819}) on port 60643
Only local connections are allowed.
Please see https://chromedriver.chromium.org/security-considerations for suggestions on keeping ChromeDriver safe.
ChromeDriver was started successfully.
Jun 15, 2022 12:18:24 PM org.openqa.selenium.remote.ProtocolHandshake createSession
INFO: Detected upstream dialect: W3C
Jun 15, 2022 12:18:25 PM org.openqa.selenium.devtools.CdpVersionFinder findNearestMatch
INFO: Found exact CDP implementation for version 102
]]></system-err>
  </testcase>
  <testcase name="loginDDT" classname="Bank.testCases.TC_DDTTest_002" time="7.139">
    <failure message="expected [true] but found [false]" type="java.lang.AssertionError">java.lang.AssertionError: expected [true] but found [false]
	at org.testng.Assert.fail(Assert.java:110)
	at org.testng.Assert.failNotEquals(Assert.java:1413)
	at org.testng.Assert.assertTrue(Assert.java:56)
	at org.testng.Assert.assertTrue(Assert.java:66)
	at Bank.testCases.TC_DDTTest_002.loginDDT(TC_DDTTest_002.java:33)
</failure>
    <system-out><![CDATA[ INFO [main] (TC_DDTTest_002.java:22)- user name provided
 INFO [main] (TC_DDTTest_002.java:24)- password provided
]]></system-out>
  </testcase>
  <testcase name="loginDDT" classname="Bank.testCases.TC_DDTTest_002" time="6.257">
    <failure message="expected [true] but found [false]" type="java.lang.AssertionError">java.lang.AssertionError: expected [true] but found [false]
	at org.testng.Assert.fail(Assert.java:110)
	at org.testng.Assert.failNotEquals(Assert.java:1413)
	at org.testng.Assert.assertTrue(Assert.java:56)
	at org.testng.Assert.assertTrue(Assert.java:66)
	at Bank.testCases.TC_DDTTest_002.loginDDT(TC_DDTTest_002.java:33)
</failure>
    <system-out><![CDATA[ INFO [main] (TC_DDTTest_002.java:22)- user name provided
 INFO [main] (TC_DDTTest_002.java:24)- password provided
]]></system-out>
  </testcase>
  <testcase name="loginDDT" classname="Bank.testCases.TC_DDTTest_002" time="7.012">
    <failure message="expected [true] but found [false]" type="java.lang.AssertionError">java.lang.AssertionError: expected [true] but found [false]
	at org.testng.Assert.fail(Assert.java:110)
	at org.testng.Assert.failNotEquals(Assert.java:1413)
	at org.testng.Assert.assertTrue(Assert.java:56)
	at org.testng.Assert.assertTrue(Assert.java:66)
	at Bank.testCases.TC_DDTTest_002.loginDDT(TC_DDTTest_002.java:33)
</failure>
    <system-out><![CDATA[ INFO [main] (TC_DDTTest_002.java:22)- user name provided
 INFO [main] (TC_DDTTest_002.java:24)- password provided
]]></system-out>
  </testcase>
  <testcase name="loginDDT" classname="Bank.testCases.TC_DDTTest_002" time="6.638">
    <failure message="expected [true] but found [false]" type="java.lang.AssertionError">java.lang.AssertionError: expected [true] but found [false]
	at org.testng.Assert.fail(Assert.java:110)
	at org.testng.Assert.failNotEquals(Assert.java:1413)
	at org.testng.Assert.assertTrue(Assert.java:56)
	at org.testng.Assert.assertTrue(Assert.java:66)
	at Bank.testCases.TC_DDTTest_002.loginDDT(TC_DDTTest_002.java:33)
</failure>
    <system-out><![CDATA[ INFO [main] (TC_DDTTest_002.java:22)- user name provided
 INFO [main] (TC_DDTTest_002.java:24)- password provided
]]></system-out>
  </testcase>
</testsuite>